Determining if the pthread_create exist failed with the following output:
Change Dir: /home/cyf/opentimer-patches/CMakeFiles/CMakeTmp

Run Build Command:"/usr/bin/make" "cmTC_d9505/fast"
/usr/bin/make -f CMakeFiles/cmTC_d9505.dir/build.make CMakeFiles/cmTC_d9505.dir/build
make[1]: Entering directory '/home/cyf/opentimer-patches/CMakeFiles/CMakeTmp'
Building C object CMakeFiles/cmTC_d9505.dir/CheckSymbolExists.c.o
/usr/bin/cc   -fPIC    -o CMakeFiles/cmTC_d9505.dir/CheckSymbolExists.c.o   -c /home/cyf/opentimer-patches/CMakeFiles/CMakeTmp/CheckSymbolExists.c
Linking C executable cmTC_d9505
/usr/bin/cmake -E cmake_link_script CMakeFiles/cmTC_d9505.dir/link.txt --verbose=1
/usr/bin/cc -fPIC     CMakeFiles/cmTC_d9505.dir/CheckSymbolExists.c.o  -o cmTC_d9505 
CMakeFiles/cmTC_d9505.dir/CheckSymbolExists.c.o: In function `main':
CheckSymbolExists.c:(.text+0x1b): undefined reference to `pthread_create'
collect2: error: ld returned 1 exit status
CMakeFiles/cmTC_d9505.dir/build.make:97: recipe for target 'cmTC_d9505' failed
make[1]: *** [cmTC_d9505] Error 1
make[1]: Leaving directory '/home/cyf/opentimer-patches/CMakeFiles/CMakeTmp'
Makefile:126: recipe for target 'cmTC_d9505/fast' failed
make: *** [cmTC_d9505/fast] Error 2

File /home/cyf/opentimer-patches/CMakeFiles/CMakeTmp/CheckSymbolExists.c:
/* */
#include <pthread.h>

int main(int argc, char** argv)
{
  (void)argv;
#ifndef pthread_create
  return ((int*)(&pthread_create))[argc];
#else
  (void)argc;
  return 0;
#endif
}

Determining if the function pthread_create exists in the pthreads failed with the following output:
Change Dir: /home/cyf/opentimer-patches/CMakeFiles/CMakeTmp

Run Build Command:"/usr/bin/make" "cmTC_127a0/fast"
/usr/bin/make -f CMakeFiles/cmTC_127a0.dir/build.make CMakeFiles/cmTC_127a0.dir/build
make[1]: Entering directory '/home/cyf/opentimer-patches/CMakeFiles/CMakeTmp'
Building C object CMakeFiles/cmTC_127a0.dir/CheckFunctionExists.c.o
/usr/bin/cc   -fPIC -DCHECK_FUNCTION_EXISTS=pthread_create   -o CMakeFiles/cmTC_127a0.dir/CheckFunctionExists.c.o   -c /usr/share/cmake-3.10/Modules/CheckFunctionExists.c
Linking C executable cmTC_127a0
/usr/bin/cmake -E cmake_link_script CMakeFiles/cmTC_127a0.dir/link.txt --verbose=1
/usr/bin/cc -fPIC -DCHECK_FUNCTION_EXISTS=pthread_create    CMakeFiles/cmTC_127a0.dir/CheckFunctionExists.c.o  -o cmTC_127a0 -lpthreads 
/usr/bin/ld: cannot find -lpthreads
collect2: error: ld returned 1 exit status
CMakeFiles/cmTC_127a0.dir/build.make:97: recipe for target 'cmTC_127a0' failed
make[1]: *** [cmTC_127a0] Error 1
make[1]: Leaving directory '/home/cyf/opentimer-patches/CMakeFiles/CMakeTmp'
Makefile:126: recipe for target 'cmTC_127a0/fast' failed
make: *** [cmTC_127a0/fast] Error 2


